<?xml version="1.0" encoding="UTF-8" standalone="yes"?><!DOCTYPE report PUBLIC "-//JACOCO//DTD Report 1.1//EN" "report.dtd"><report name="RADAR"><sessioninfo id="DESKTOP-VUE4PJV-c2501850" start="1758747771803" dump="1758747773523"/><sessioninfo id="DESKTOP-VUE4PJV-48b599f2" start="1758747786354" dump="1758747789327"/><sessioninfo id="DESKTOP-VUE4PJV-87ee8a56" start="1758748506929" dump="1758748510025"/><sessioninfo id="DESKTOP-VUE4PJV-52107cef" start="1758748575488" dump="1758748578950"/></report>