<?xml version="1.0" encoding="UTF-8" standalone="yes"?><!DOCTYPE report PUBLIC "-//JACOCO//DTD Report 1.1//EN" "report.dtd"><report name="RADAR"><sessioninfo id="DESKTOP-VUE4PJV-381f8a10" start="1758472425091" dump="1758472428104"/><sessioninfo id="DESKTOP-VUE4PJV-7936f871" start="1758472454302" dump="1758472456138"/><sessioninfo id="DESKTOP-VUE4PJV-d2b1dd42" start="1758473054675" dump="1758473056863"/><sessioninfo id="DESKTOP-VUE4PJV-90e0fb1f" start="1758476580912" dump="1758476583100"/><sessioninfo id="DESKTOP-VUE4PJV-615d8623" start="1758476604965" dump="1758476605730"/><sessioninfo id="DESKTOP-VUE4PJV-53a03749" start="1758476928297" dump="1758476930610"/></report>