<?xml version="1.0" encoding="UTF-8"?>
<testsuite xmlns:xsi="http://www.w3.org/2001/XMLSchema-instance" xsi:noNamespaceSchemaLocation="https://maven.apache.org/surefire/maven-surefire-plugin/xsd/surefire-test-report-3.0.xsd" version="3.0" name="ca.gc.cra.radar.application.pipeline.OfflineCaptureIntegrationTest" time="0.149" tests="2" errors="0" skipped="0" failures="0">
  <properties>
[...]
</properties>
  <testcase name="offlineTn3270CaptureFeedsAssembler" classname="ca.gc.cra.radar.application.pipeline.OfflineCaptureIntegrationTest" time="0.116">
    <system-out><![CDATA[2025-09-26T06:24:08.805-03:00 [main] INFO  c.g.c.r.c.pcap.PcapFilePacketSource - Applied BPF filter 'tcp and (port 23 or port 992)' to offline capture 
2025-09-26T06:24:08.805-03:00 [main] INFO  c.g.c.r.c.pcap.PcapFilePacketSource - Offline capture opened for D:\radar\test-code\src\test\resources\pcap\tn3270_min.pcap (snaplen=65535, datalink=1 EN10MB) 
2025-09-26T06:24:08.805-03:00 [main] INFO  c.g.c.r.a.p.SegmentCaptureUseCase - Capture packet source started 
2025-09-26T06:24:08.811-03:00 [main] INFO  c.g.c.r.c.pcap.PcapFilePacketSource - Offline capture closed for D:\radar\test-code\src\test\resources\pcap\tn3270_min.pcap after 3 packets 
2025-09-26T06:24:08.811-03:00 [main] INFO  c.g.c.r.a.p.SegmentCaptureUseCase - Capture packet source exhausted; stopping capture loop 
2025-09-26T06:24:08.811-03:00 [main] INFO  c.g.c.r.a.p.SegmentCaptureUseCase - Capture persistence flushed after 2 segments 
2025-09-26T06:24:08.812-03:00 [main] INFO  c.g.c.r.a.p.SegmentCaptureUseCase - Capture persistence port closed 
2025-09-26T06:24:08.812-03:00 [main] INFO  c.g.c.r.c.pcap.PcapFilePacketSource - Offline capture closed for D:\radar\test-code\src\test\resources\pcap\tn3270_min.pcap after 3 packets 
2025-09-26T06:24:08.812-03:00 [main] INFO  c.g.c.r.a.p.SegmentCaptureUseCase - Capture packet source closed 
2025-09-26T06:24:08.858-03:00 [main] INFO  c.g.c.r.a.pipeline.AssembleUseCase - Assemble pipeline reading from C:\Users\andre\AppData\Local\Temp\junit17354772577351677717\tn-segments assemble.in=C:\Users\andre\AppData\Local\Temp\junit17354772577351677717\tn-segments
2025-09-26T06:24:08.872-03:00 [main] INFO  c.g.c.r.a.pipeline.AssembleUseCase - Assemble pipeline flushed 0 message pairs from 2 segments assemble.in=C:\Users\andre\AppData\Local\Temp\junit17354772577351677717\tn-segments
2025-09-26T06:24:08.875-03:00 [main] INFO  c.g.c.r.a.pipeline.AssembleUseCase - Assemble flow engine closed assemble.in=C:\Users\andre\AppData\Local\Temp\junit17354772577351677717\tn-segments
]]></system-out>
  </testcase>
  <testcase name="offlineCaptureFeedsAssemblePipeline" classname="ca.gc.cra.radar.application.pipeline.OfflineCaptureIntegrationTest" time="0.031">
    <system-out><![CDATA[2025-09-26T06:24:08.887-03:00 [main] INFO  c.g.c.r.c.pcap.PcapFilePacketSource - Applied BPF filter 'tcp port 80' to offline capture 
2025-09-26T06:24:08.887-03:00 [main] INFO  c.g.c.r.c.pcap.PcapFilePacketSource - Offline capture opened for D:\radar\test-code\src\test\resources\pcap\http_get.pcap (snaplen=65535, datalink=1 EN10MB) 
2025-09-26T06:24:08.887-03:00 [main] INFO  c.g.c.r.a.p.SegmentCaptureUseCase - Capture packet source started 
2025-09-26T06:24:08.888-03:00 [main] INFO  c.g.c.r.c.pcap.PcapFilePacketSource - Offline capture closed for D:\radar\test-code\src\test\resources\pcap\http_get.pcap after 1 packets 
2025-09-26T06:24:08.888-03:00 [main] INFO  c.g.c.r.a.p.SegmentCaptureUseCase - Capture packet source exhausted; stopping capture loop 
2025-09-26T06:24:08.888-03:00 [main] INFO  c.g.c.r.a.p.SegmentCaptureUseCase - Capture persistence flushed after 1 segments 
2025-09-26T06:24:08.888-03:00 [main] INFO  c.g.c.r.a.p.SegmentCaptureUseCase - Capture persistence port closed 
2025-09-26T06:24:08.888-03:00 [main] INFO  c.g.c.r.c.pcap.PcapFilePacketSource - Offline capture closed for D:\radar\test-code\src\test\resources\pcap\http_get.pcap after 1 packets 
2025-09-26T06:24:08.888-03:00 [main] INFO  c.g.c.r.a.p.SegmentCaptureUseCase - Capture packet source closed 
2025-09-26T06:24:08.896-03:00 [main] INFO  c.g.c.r.a.pipeline.AssembleUseCase - Assemble pipeline reading from C:\Users\andre\AppData\Local\Temp\junit2815813154540131969\segments assemble.in=C:\Users\andre\AppData\Local\Temp\junit2815813154540131969\segments
2025-09-26T06:24:08.903-03:00 [main] INFO  c.g.c.r.a.pipeline.AssembleUseCase - Assemble pipeline flushed 0 message pairs from 1 segments assemble.in=C:\Users\andre\AppData\Local\Temp\junit2815813154540131969\segments
2025-09-26T06:24:08.905-03:00 [main] INFO  c.g.c.r.a.pipeline.AssembleUseCase - Assemble flow engine closed assemble.in=C:\Users\andre\AppData\Local\Temp\junit2815813154540131969\segments
]]></system-out>
  </testcase>
</testsuite>