<?xml version="1.0" encoding="UTF-8"?>
<testsuite xmlns:xsi="http://www.w3.org/2001/XMLSchema-instance" xsi:noNamespaceSchemaLocation="https://maven.apache.org/surefire/maven-surefire-plugin/xsd/surefire-test-report-3.0.xsd" version="3.0" name="ca.gc.cra.radar.e2e.EndToEndPcapIT" time="0.975" tests="2" errors="2" skipped="0" failures="0">
  <properties>
[...]
</properties>
  <testcase name="httpEndToEnd" classname="ca.gc.cra.radar.e2e.EndToEndPcapIT" time="0.915">
    <error message="RADAR CLI execution failed" type="java.lang.IllegalStateException"><![CDATA[java.lang.IllegalStateException: RADAR CLI execution failed
	at ca.gc.cra.radar.e2e.EndToEndPcapIT.runRadar(EndToEndPcapIT.java:217)
	at ca.gc.cra.radar.e2e.EndToEndPcapIT.httpEndToEnd(EndToEndPcapIT.java:48)
	at java.base/jdk.internal.reflect.DirectMethodHandleAccessor.invoke(DirectMethodHandleAccessor.java:104)
	at java.base/java.lang.reflect.Method.invoke(Method.java:565)
	at org.junit.platform.commons.util.ReflectionUtils.invokeMethod(ReflectionUtils.java:727)
	at org.junit.jupiter.engine.execution.MethodInvocation.proceed(MethodInvocation.java:60)
	at org.junit.jupiter.engine.execution.InvocationInterceptorChain$ValidatingInvocation.proceed(InvocationInterceptorChain.java:131)
	at org.junit.jupiter.engine.extension.TimeoutExtension.intercept(TimeoutExtension.java:156)
	at org.junit.jupiter.engine.extension.TimeoutExtension.interceptTestableMethod(TimeoutExtension.java:147)
	at org.junit.jupiter.engine.extension.TimeoutExtension.interceptTestMethod(TimeoutExtension.java:86)
	at org.junit.jupiter.engine.execution.InterceptingExecutableInvoker$ReflectiveInterceptorCall.lambda$ofVoidMethod$0(InterceptingExecutableInvoker.java:103)
	at org.junit.jupiter.engine.execution.InterceptingExecutableInvoker.lambda$invoke$0(InterceptingExecutableInvoker.java:93)
	at org.junit.jupiter.engine.execution.InvocationInterceptorChain$InterceptedInvocation.proceed(InvocationInterceptorChain.java:106)
	at org.junit.jupiter.engine.execution.InvocationInterceptorChain.proceed(InvocationInterceptorChain.java:64)
	at org.junit.jupiter.engine.execution.InvocationInterceptorChain.chainAndInvoke(InvocationInterceptorChain.java:45)
	at org.junit.jupiter.engine.execution.InvocationInterceptorChain.invoke(InvocationInterceptorChain.java:37)
	at org.junit.jupiter.engine.execution.InterceptingExecutableInvoker.invoke(InterceptingExecutableInvoker.java:92)
	at org.junit.jupiter.engine.execution.InterceptingExecutableInvoker.invoke(InterceptingExecutableInvoker.java:86)
	at org.junit.jupiter.engine.descriptor.TestMethodTestDescriptor.lambda$invokeTestMethod$7(TestMethodTestDescriptor.java:217)
	at org.junit.platform.engine.support.hierarchical.ThrowableCollector.execute(ThrowableCollector.java:73)
	at org.junit.jupiter.engine.descriptor.TestMethodTestDescriptor.invokeTestMethod(TestMethodTestDescriptor.java:213)
	at org.junit.jupiter.engine.descriptor.TestMethodTestDescriptor.execute(TestMethodTestDescriptor.java:138)
	at org.junit.jupiter.engine.descriptor.TestMethodTestDescriptor.execute(TestMethodTestDescriptor.java:68)
	at org.junit.platform.engine.support.hierarchical.NodeTestTask.lambda$executeRecursively$6(NodeTestTask.java:151)
	at org.junit.platform.engine.support.hierarchical.ThrowableCollector.execute(ThrowableCollector.java:73)
	at org.junit.platform.engine.support.hierarchical.NodeTestTask.lambda$executeRecursively$8(NodeTestTask.java:141)
	at org.junit.platform.engine.support.hierarchical.Node.around(Node.java:137)
	at org.junit.platform.engine.support.hierarchical.NodeTestTask.lambda$executeRecursively$9(NodeTestTask.java:139)
	at org.junit.platform.engine.support.hierarchical.ThrowableCollector.execute(ThrowableCollector.java:73)
	at org.junit.platform.engine.support.hierarchical.NodeTestTask.executeRecursively(NodeTestTask.java:138)
	at org.junit.platform.engine.support.hierarchical.NodeTestTask.execute(NodeTestTask.java:95)
	at java.base/java.util.ArrayList.forEach(ArrayList.java:1604)
	at org.junit.platform.engine.support.hierarchical.SameThreadHierarchicalTestExecutorService.invokeAll(SameThreadHierarchicalTestExecutorService.java:41)
	at org.junit.platform.engine.support.hierarchical.NodeTestTask.lambda$executeRecursively$6(NodeTestTask.java:155)
	at org.junit.platform.engine.support.hierarchical.ThrowableCollector.execute(ThrowableCollector.java:73)
	at org.junit.platform.engine.support.hierarchical.NodeTestTask.lambda$executeRecursively$8(NodeTestTask.java:141)
	at org.junit.platform.engine.support.hierarchical.Node.around(Node.java:137)
	at org.junit.platform.engine.support.hierarchical.NodeTestTask.lambda$executeRecursively$9(NodeTestTask.java:139)
	at org.junit.platform.engine.support.hierarchical.ThrowableCollector.execute(ThrowableCollector.java:73)
	at org.junit.platform.engine.support.hierarchical.NodeTestTask.executeRecursively(NodeTestTask.java:138)
	at org.junit.platform.engine.support.hierarchical.NodeTestTask.execute(NodeTestTask.java:95)
	at java.base/java.util.ArrayList.forEach(ArrayList.java:1604)
	at org.junit.platform.engine.support.hierarchical.SameThreadHierarchicalTestExecutorService.invokeAll(SameThreadHierarchicalTestExecutorService.java:41)
	at org.junit.platform.engine.support.hierarchical.NodeTestTask.lambda$executeRecursively$6(NodeTestTask.java:155)
	at org.junit.platform.engine.support.hierarchical.ThrowableCollector.execute(ThrowableCollector.java:73)
	at org.junit.platform.engine.support.hierarchical.NodeTestTask.lambda$executeRecursively$8(NodeTestTask.java:141)
	at org.junit.platform.engine.support.hierarchical.Node.around(Node.java:137)
	at org.junit.platform.engine.support.hierarchical.NodeTestTask.lambda$executeRecursively$9(NodeTestTask.java:139)
	at org.junit.platform.engine.support.hierarchical.ThrowableCollector.execute(ThrowableCollector.java:73)
	at org.junit.platform.engine.support.hierarchical.NodeTestTask.executeRecursively(NodeTestTask.java:138)
	at org.junit.platform.engine.support.hierarchical.NodeTestTask.execute(NodeTestTask.java:95)
	at org.junit.platform.engine.support.hierarchical.SameThreadHierarchicalTestExecutorService.submit(SameThreadHierarchicalTestExecutorService.java:35)
	at org.junit.platform.engine.support.hierarchical.HierarchicalTestExecutor.execute(HierarchicalTestExecutor.java:57)
	at org.junit.platform.engine.support.hierarchical.HierarchicalTestEngine.execute(HierarchicalTestEngine.java:54)
	at org.junit.platform.launcher.core.EngineExecutionOrchestrator.execute(EngineExecutionOrchestrator.java:147)
	at org.junit.platform.launcher.core.EngineExecutionOrchestrator.execute(EngineExecutionOrchestrator.java:127)
	at org.junit.platform.launcher.core.EngineExecutionOrchestrator.execute(EngineExecutionOrchestrator.java:90)
	at org.junit.platform.launcher.core.EngineExecutionOrchestrator.lambda$execute$0(EngineExecutionOrchestrator.java:55)
	at org.junit.platform.launcher.core.EngineExecutionOrchestrator.withInterceptedStreams(EngineExecutionOrchestrator.java:102)
	at org.junit.platform.launcher.core.EngineExecutionOrchestrator.execute(EngineExecutionOrchestrator.java:54)
	at org.junit.platform.launcher.core.DefaultLauncher.execute(DefaultLauncher.java:114)
	at org.junit.platform.launcher.core.DefaultLauncher.execute(DefaultLauncher.java:86)
	at org.junit.platform.launcher.core.DefaultLauncherSession$DelegatingLauncher.execute(DefaultLauncherSession.java:86)
	at org.apache.maven.surefire.junitplatform.LazyLauncher.execute(LazyLauncher.java:56)
	at org.apache.maven.surefire.junitplatform.JUnitPlatformProvider.execute(JUnitPlatformProvider.java:184)
	at org.apache.maven.surefire.junitplatform.JUnitPlatformProvider.invokeAllTests(JUnitPlatformProvider.java:148)
	at org.apache.maven.surefire.junitplatform.JUnitPlatformProvider.invoke(JUnitPlatformProvider.java:122)
	at org.apache.maven.surefire.booter.ForkedBooter.runSuitesInProcess(ForkedBooter.java:385)
	at org.apache.maven.surefire.booter.ForkedBooter.execute(ForkedBooter.java:162)
	at org.apache.maven.surefire.booter.ForkedBooter.run(ForkedBooter.java:507)
	at org.apache.maven.surefire.booter.ForkedBooter.main(ForkedBooter.java:495)
Caused by: java.lang.UnsatisfiedLinkError: unknown
Library names
[wpcap, npcap, pcap]
Search paths:
[d:\JDKs\java25\bin, C:\WINDOWS\Sun\Java\bin, C:\WINDOWS\system32, C:\WINDOWS, C:\Program Files\Microsoft SDKs\Azure\CLI2\wbin, C:\Program Files (x86)\Intel\iCLS Client\, C:\Program Files\Intel\iCLS Client\, C:\Windows\system32, C:\Windows, C:\Windows\System32\Wbem, C:\Windows\System32\WindowsPowerShell\v1.0\, C:\Program Files (x86)\Intel\Intel(R) Management Engine Components\DAL, C:\Program Files\Intel\Intel(R) Management Engine Components\DAL, C:\Program Files (x86)\Intel\Intel(R) Management Engine Components\IPT, C:\Program Files\Intel\Intel(R) Management Engine Components\IPT, C:\Program Files (x86)\NVIDIA Corporation\PhysX\Common, C:\WINDOWS\System32\Wbem, C:\WINDOWS\System32\WindowsPowerShell\v1.0\, C:\WINDOWS\System32\OpenSSH\, C:\Program Files\dotnet\, D:\terraform\, D:\Program Files\Git\, D:\applications\kube\, C:\Program Files\Amazon\AWSCLIV2\, D:\Program Files\Git\mingw64\bin\, C:\Program Files (x86)\HP\Common\HPDestPlgIn\, d:\Program Files\Git\cmd, d:\maven\bin, d:\jdks\java25\bin, C:\Users\andre\AppData\Local\Microsoft\WindowsApps, C:\Users\andre\AppData\Local\Programs\Microsoft VS Code\bin, c:\Users\andre\AppData\Roaming\Code\User\globalStorage\github.copilot-chat\debugCommand, .]
	at jnr.ffi.provider.jffi.NativeLibrary.loadNativeLibraries(NativeLibrary.java:111)
	at jnr.ffi.provider.jffi.NativeLibrary.getNativeLibraries(NativeLibrary.java:85)
	at jnr.ffi.provider.jffi.NativeLibrary.getSymbolAddress(NativeLibrary.java:64)
	at jnr.ffi.provider.jffi.NativeLibrary.findSymbolAddress(NativeLibrary.java:74)
	at jnr.ffi.provider.jffi.AsmLibraryLoader.generateInterfaceImpl(AsmLibraryLoader.java:141)
	at jnr.ffi.provider.jffi.AsmLibraryLoader.loadLibrary(AsmLibraryLoader.java:87)
	at jnr.ffi.provider.jffi.NativeLibraryLoader.loadLibrary(NativeLibraryLoader.java:44)
	at jnr.ffi.LibraryLoader.load(LibraryLoader.java:420)
	at jnr.ffi.LibraryLoader.load(LibraryLoader.java:399)
	at ca.gc.cra.radar.infrastructure.capture.libpcap.JnrLibpcap.loadInstance(JnrLibpcap.java:30)
	at ca.gc.cra.radar.infrastructure.capture.libpcap.JnrLibpcap.<clinit>(JnrLibpcap.java:22)
	at ca.gc.cra.radar.infrastructure.capture.libpcap.JnrPcapAdapter.<init>(JnrPcapAdapter.java:17)
	at ca.gc.cra.radar.capture.pcap.PcapFilePacketSource.start(PcapFilePacketSource.java:74)
	at ca.gc.cra.radar.application.pipeline.SegmentCaptureUseCase.run(SegmentCaptureUseCase.java:66)
	at ca.gc.cra.radar.api.CaptureCli.run(CaptureCli.java:174)
	at ca.gc.cra.radar.api.Main.run(Main.java:82)
	at java.base/jdk.internal.reflect.DirectMethodHandleAccessor.invoke(DirectMethodHandleAccessor.java:104)
	at java.base/java.lang.reflect.Method.invoke(Method.java:565)
	at ca.gc.cra.radar.e2e.EndToEndPcapIT.runRadar(EndToEndPcapIT.java:209)
	... 70 more
]]></error>
    <system-out><![CDATA[2025-09-22T22:47:12.085-03:00 [main] WARN  ca.gc.cra.radar.api.CaptureCli - SECURITY: Custom BPF expression enabled (15 bytes) 
2025-09-22T22:47:12.249-03:00 [main] INFO  ca.gc.cra.radar.api.CaptureCli - Starting offline capture from D:\radar\test-code\src\test\resources\pcap\http_small.pcap 
2025-09-22T22:47:12.652-03:00 [main] INFO  c.g.c.r.a.p.SegmentCaptureUseCase - Capture persistence flushed after 0 segments 
2025-09-22T22:47:12.652-03:00 [main] INFO  c.g.c.r.a.p.SegmentCaptureUseCase - Capture persistence port closed 
]]></system-out>
  </testcase>
  <testcase name="tn3270EndToEnd" classname="ca.gc.cra.radar.e2e.EndToEndPcapIT" time="0.012">
    <error message="RADAR CLI execution failed" type="java.lang.IllegalStateException"><![CDATA[java.lang.IllegalStateException: RADAR CLI execution failed
	at ca.gc.cra.radar.e2e.EndToEndPcapIT.runRadar(EndToEndPcapIT.java:217)
	at ca.gc.cra.radar.e2e.EndToEndPcapIT.tn3270EndToEnd(EndToEndPcapIT.java:118)
	at java.base/jdk.internal.reflect.DirectMethodHandleAccessor.invoke(DirectMethodHandleAccessor.java:104)
	at java.base/java.lang.reflect.Method.invoke(Method.java:565)
	at org.junit.platform.commons.util.ReflectionUtils.invokeMethod(ReflectionUtils.java:727)
	at org.junit.jupiter.engine.execution.MethodInvocation.proceed(MethodInvocation.java:60)
	at org.junit.jupiter.engine.execution.InvocationInterceptorChain$ValidatingInvocation.proceed(InvocationInterceptorChain.java:131)
	at org.junit.jupiter.engine.extension.TimeoutExtension.intercept(TimeoutExtension.java:156)
	at org.junit.jupiter.engine.extension.TimeoutExtension.interceptTestableMethod(TimeoutExtension.java:147)
	at org.junit.jupiter.engine.extension.TimeoutExtension.interceptTestMethod(TimeoutExtension.java:86)
	at org.junit.jupiter.engine.execution.InterceptingExecutableInvoker$ReflectiveInterceptorCall.lambda$ofVoidMethod$0(InterceptingExecutableInvoker.java:103)
	at org.junit.jupiter.engine.execution.InterceptingExecutableInvoker.lambda$invoke$0(InterceptingExecutableInvoker.java:93)
	at org.junit.jupiter.engine.execution.InvocationInterceptorChain$InterceptedInvocation.proceed(InvocationInterceptorChain.java:106)
	at org.junit.jupiter.engine.execution.InvocationInterceptorChain.proceed(InvocationInterceptorChain.java:64)
	at org.junit.jupiter.engine.execution.InvocationInterceptorChain.chainAndInvoke(InvocationInterceptorChain.java:45)
	at org.junit.jupiter.engine.execution.InvocationInterceptorChain.invoke(InvocationInterceptorChain.java:37)
	at org.junit.jupiter.engine.execution.InterceptingExecutableInvoker.invoke(InterceptingExecutableInvoker.java:92)
	at org.junit.jupiter.engine.execution.InterceptingExecutableInvoker.invoke(InterceptingExecutableInvoker.java:86)
	at org.junit.jupiter.engine.descriptor.TestMethodTestDescriptor.lambda$invokeTestMethod$7(TestMethodTestDescriptor.java:217)
	at org.junit.platform.engine.support.hierarchical.ThrowableCollector.execute(ThrowableCollector.java:73)
	at org.junit.jupiter.engine.descriptor.TestMethodTestDescriptor.invokeTestMethod(TestMethodTestDescriptor.java:213)
	at org.junit.jupiter.engine.descriptor.TestMethodTestDescriptor.execute(TestMethodTestDescriptor.java:138)
	at org.junit.jupiter.engine.descriptor.TestMethodTestDescriptor.execute(TestMethodTestDescriptor.java:68)
	at org.junit.platform.engine.support.hierarchical.NodeTestTask.lambda$executeRecursively$6(NodeTestTask.java:151)
	at org.junit.platform.engine.support.hierarchical.ThrowableCollector.execute(ThrowableCollector.java:73)
	at org.junit.platform.engine.support.hierarchical.NodeTestTask.lambda$executeRecursively$8(NodeTestTask.java:141)
	at org.junit.platform.engine.support.hierarchical.Node.around(Node.java:137)
	at org.junit.platform.engine.support.hierarchical.NodeTestTask.lambda$executeRecursively$9(NodeTestTask.java:139)
	at org.junit.platform.engine.support.hierarchical.ThrowableCollector.execute(ThrowableCollector.java:73)
	at org.junit.platform.engine.support.hierarchical.NodeTestTask.executeRecursively(NodeTestTask.java:138)
	at org.junit.platform.engine.support.hierarchical.NodeTestTask.execute(NodeTestTask.java:95)
	at java.base/java.util.ArrayList.forEach(ArrayList.java:1604)
	at org.junit.platform.engine.support.hierarchical.SameThreadHierarchicalTestExecutorService.invokeAll(SameThreadHierarchicalTestExecutorService.java:41)
	at org.junit.platform.engine.support.hierarchical.NodeTestTask.lambda$executeRecursively$6(NodeTestTask.java:155)
	at org.junit.platform.engine.support.hierarchical.ThrowableCollector.execute(ThrowableCollector.java:73)
	at org.junit.platform.engine.support.hierarchical.NodeTestTask.lambda$executeRecursively$8(NodeTestTask.java:141)
	at org.junit.platform.engine.support.hierarchical.Node.around(Node.java:137)
	at org.junit.platform.engine.support.hierarchical.NodeTestTask.lambda$executeRecursively$9(NodeTestTask.java:139)
	at org.junit.platform.engine.support.hierarchical.ThrowableCollector.execute(ThrowableCollector.java:73)
	at org.junit.platform.engine.support.hierarchical.NodeTestTask.executeRecursively(NodeTestTask.java:138)
	at org.junit.platform.engine.support.hierarchical.NodeTestTask.execute(NodeTestTask.java:95)
	at java.base/java.util.ArrayList.forEach(ArrayList.java:1604)
	at org.junit.platform.engine.support.hierarchical.SameThreadHierarchicalTestExecutorService.invokeAll(SameThreadHierarchicalTestExecutorService.java:41)
	at org.junit.platform.engine.support.hierarchical.NodeTestTask.lambda$executeRecursively$6(NodeTestTask.java:155)
	at org.junit.platform.engine.support.hierarchical.ThrowableCollector.execute(ThrowableCollector.java:73)
	at org.junit.platform.engine.support.hierarchical.NodeTestTask.lambda$executeRecursively$8(NodeTestTask.java:141)
	at org.junit.platform.engine.support.hierarchical.Node.around(Node.java:137)
	at org.junit.platform.engine.support.hierarchical.NodeTestTask.lambda$executeRecursively$9(NodeTestTask.java:139)
	at org.junit.platform.engine.support.hierarchical.ThrowableCollector.execute(ThrowableCollector.java:73)
	at org.junit.platform.engine.support.hierarchical.NodeTestTask.executeRecursively(NodeTestTask.java:138)
	at org.junit.platform.engine.support.hierarchical.NodeTestTask.execute(NodeTestTask.java:95)
	at org.junit.platform.engine.support.hierarchical.SameThreadHierarchicalTestExecutorService.submit(SameThreadHierarchicalTestExecutorService.java:35)
	at org.junit.platform.engine.support.hierarchical.HierarchicalTestExecutor.execute(HierarchicalTestExecutor.java:57)
	at org.junit.platform.engine.support.hierarchical.HierarchicalTestEngine.execute(HierarchicalTestEngine.java:54)
	at org.junit.platform.launcher.core.EngineExecutionOrchestrator.execute(EngineExecutionOrchestrator.java:147)
	at org.junit.platform.launcher.core.EngineExecutionOrchestrator.execute(EngineExecutionOrchestrator.java:127)
	at org.junit.platform.launcher.core.EngineExecutionOrchestrator.execute(EngineExecutionOrchestrator.java:90)
	at org.junit.platform.launcher.core.EngineExecutionOrchestrator.lambda$execute$0(EngineExecutionOrchestrator.java:55)
	at org.junit.platform.launcher.core.EngineExecutionOrchestrator.withInterceptedStreams(EngineExecutionOrchestrator.java:102)
	at org.junit.platform.launcher.core.EngineExecutionOrchestrator.execute(EngineExecutionOrchestrator.java:54)
	at org.junit.platform.launcher.core.DefaultLauncher.execute(DefaultLauncher.java:114)
	at org.junit.platform.launcher.core.DefaultLauncher.execute(DefaultLauncher.java:86)
	at org.junit.platform.launcher.core.DefaultLauncherSession$DelegatingLauncher.execute(DefaultLauncherSession.java:86)
	at org.apache.maven.surefire.junitplatform.LazyLauncher.execute(LazyLauncher.java:56)
	at org.apache.maven.surefire.junitplatform.JUnitPlatformProvider.execute(JUnitPlatformProvider.java:184)
	at org.apache.maven.surefire.junitplatform.JUnitPlatformProvider.invokeAllTests(JUnitPlatformProvider.java:148)
	at org.apache.maven.surefire.junitplatform.JUnitPlatformProvider.invoke(JUnitPlatformProvider.java:122)
	at org.apache.maven.surefire.booter.ForkedBooter.runSuitesInProcess(ForkedBooter.java:385)
	at org.apache.maven.surefire.booter.ForkedBooter.execute(ForkedBooter.java:162)
	at org.apache.maven.surefire.booter.ForkedBooter.run(ForkedBooter.java:507)
	at org.apache.maven.surefire.booter.ForkedBooter.main(ForkedBooter.java:495)
Caused by: java.lang.UnsatisfiedLinkError: unknown
Library names
[wpcap, npcap, pcap]
Search paths:
[d:\JDKs\java25\bin, C:\WINDOWS\Sun\Java\bin, C:\WINDOWS\system32, C:\WINDOWS, C:\Program Files\Microsoft SDKs\Azure\CLI2\wbin, C:\Program Files (x86)\Intel\iCLS Client\, C:\Program Files\Intel\iCLS Client\, C:\Windows\system32, C:\Windows, C:\Windows\System32\Wbem, C:\Windows\System32\WindowsPowerShell\v1.0\, C:\Program Files (x86)\Intel\Intel(R) Management Engine Components\DAL, C:\Program Files\Intel\Intel(R) Management Engine Components\DAL, C:\Program Files (x86)\Intel\Intel(R) Management Engine Components\IPT, C:\Program Files\Intel\Intel(R) Management Engine Components\IPT, C:\Program Files (x86)\NVIDIA Corporation\PhysX\Common, C:\WINDOWS\System32\Wbem, C:\WINDOWS\System32\WindowsPowerShell\v1.0\, C:\WINDOWS\System32\OpenSSH\, C:\Program Files\dotnet\, D:\terraform\, D:\Program Files\Git\, D:\applications\kube\, C:\Program Files\Amazon\AWSCLIV2\, D:\Program Files\Git\mingw64\bin\, C:\Program Files (x86)\HP\Common\HPDestPlgIn\, d:\Program Files\Git\cmd, d:\maven\bin, d:\jdks\java25\bin, C:\Users\andre\AppData\Local\Microsoft\WindowsApps, C:\Users\andre\AppData\Local\Programs\Microsoft VS Code\bin, c:\Users\andre\AppData\Roaming\Code\User\globalStorage\github.copilot-chat\debugCommand, .]
	at jnr.ffi.provider.jffi.NativeLibrary.loadNativeLibraries(NativeLibrary.java:111)
	at jnr.ffi.provider.jffi.NativeLibrary.getNativeLibraries(NativeLibrary.java:85)
	at jnr.ffi.provider.jffi.NativeLibrary.getSymbolAddress(NativeLibrary.java:64)
	at jnr.ffi.provider.jffi.NativeLibrary.findSymbolAddress(NativeLibrary.java:74)
	at jnr.ffi.provider.jffi.AsmLibraryLoader.generateInterfaceImpl(AsmLibraryLoader.java:141)
	at jnr.ffi.provider.jffi.AsmLibraryLoader.loadLibrary(AsmLibraryLoader.java:87)
	at jnr.ffi.provider.jffi.NativeLibraryLoader.loadLibrary(NativeLibraryLoader.java:44)
	at jnr.ffi.LibraryLoader.load(LibraryLoader.java:420)
	at jnr.ffi.LibraryLoader.load(LibraryLoader.java:399)
	at ca.gc.cra.radar.infrastructure.capture.libpcap.JnrLibpcap.loadInstance(JnrLibpcap.java:30)
	at ca.gc.cra.radar.infrastructure.capture.libpcap.JnrLibpcap.<clinit>(JnrLibpcap.java:22)
	at ca.gc.cra.radar.infrastructure.capture.libpcap.JnrPcapAdapter.<init>(JnrPcapAdapter.java:17)
	at ca.gc.cra.radar.capture.pcap.PcapFilePacketSource.start(PcapFilePacketSource.java:74)
	at ca.gc.cra.radar.application.pipeline.SegmentCaptureUseCase.run(SegmentCaptureUseCase.java:66)
	at ca.gc.cra.radar.api.CaptureCli.run(CaptureCli.java:174)
	at ca.gc.cra.radar.api.Main.run(Main.java:82)
	at java.base/jdk.internal.reflect.DirectMethodHandleAccessor.invoke(DirectMethodHandleAccessor.java:104)
	at java.base/java.lang.reflect.Method.invoke(Method.java:565)
	at ca.gc.cra.radar.e2e.EndToEndPcapIT.runRadar(EndToEndPcapIT.java:209)
	at ca.gc.cra.radar.e2e.EndToEndPcapIT.httpEndToEnd(EndToEndPcapIT.java:48)
	... 69 more
]]></error>
    <system-out><![CDATA[2025-09-22T22:47:12.676-03:00 [main] WARN  ca.gc.cra.radar.api.CaptureCli - SECURITY: Custom BPF expression enabled (29 bytes) 
2025-09-22T22:47:12.677-03:00 [main] INFO  ca.gc.cra.radar.api.CaptureCli - Starting offline capture from D:\radar\test-code\src\test\resources\pcap\tn3270_small.pcap 
2025-09-22T22:47:12.678-03:00 [main] INFO  c.g.c.r.a.p.SegmentCaptureUseCase - Capture persistence flushed after 0 segments 
2025-09-22T22:47:12.678-03:00 [main] INFO  c.g.c.r.a.p.SegmentCaptureUseCase - Capture persistence port closed 
]]></system-out>
  </testcase>
</testsuite>